{"/Users/aakashpal/Downloads/interview-stack-develop/webapp/src/App.tsx": {"path":"/Users/aakashpal/Downloads/interview-stack-develop/webapp/src/App.tsx","statementMap":{"0":{"start":{"line":6,"column":12},"end":{"line":17,"column":1}},"1":{"start":{"line":7,"column":2},"end":{"line":16,"column":18}}},"fnMap":{"0":{"name":"(anonymous_0)","decl":{"start":{"line":6,"column":12},"end":{"line":6,"column":13}},"loc":{"start":{"line":7,"column":2},"end":{"line":16,"column":18}},"line":7}},"branchMap":{},"s":{"0":0,"1":0},"f":{"0":0},"b":{}}
,"/Users/aakashpal/Downloads/interview-stack-develop/webapp/src/index.tsx": {"path":"/Users/aakashpal/Downloads/interview-stack-develop/webapp/src/index.tsx","statementMap":{"0":{"start":{"line":6,"column":17},"end":{"line":6,"column":48}},"1":{"start":{"line":7,"column":0},"end":{"line":10,"column":1}},"2":{"start":{"line":8,"column":17},"end":{"line":8,"column":37}},"3":{"start":{"line":9,"column":4},"end":{"line":9,"column":25}}},"fnMap":{},"branchMap":{"0":{"loc":{"start":{"line":7,"column":0},"end":{"line":10,"column":1}},"type":"if","locations":[{"start":{"line":7,"column":0},"end":{"line":10,"column":1}},{"start":{},"end":{}}],"line":7}},"s":{"0":0,"1":0,"2":0,"3":0},"f":{},"b":{"0":[0,0]}}
,"/Users/aakashpal/Downloads/interview-stack-develop/webapp/src/utils.ts": {"path":"/Users/aakashpal/Downloads/interview-stack-develop/webapp/src/utils.ts","statementMap":{"0":{"start":{"line":1,"column":28},"end":{"line":5,"column":1}},"1":{"start":{"line":2,"column":4},"end":{"line":4,"column":15}}},"fnMap":{"0":{"name":"(anonymous_0)","decl":{"start":{"line":1,"column":28},"end":{"line":1,"column":29}},"loc":{"start":{"line":1,"column":74},"end":{"line":5,"column":1}},"line":1}},"branchMap":{"0":{"loc":{"start":{"line":1,"column":43},"end":{"line":1,"column":69}},"type":"default-arg","locations":[{"start":{"line":1,"column":67},"end":{"line":1,"column":69}}],"line":1},"1":{"loc":{"start":{"line":2,"column":11},"end":{"line":4,"column":14}},"type":"cond-expr","locations":[{"start":{"line":3,"column":10},"end":{"line":3,"column":50}},{"start":{"line":4,"column":10},"end":{"line":4,"column":14}}],"line":2}},"s":{"0":3,"1":6},"f":{"0":6},"b":{"0":[5],"1":[1,5]},"_coverageSchema":"1a1c01bbd47fc00a2c39e90264f33305004495a9","hash":"8ec964861df813f019304d34cfd9cc233850a9b2"}
,"/Users/aakashpal/Downloads/interview-stack-develop/webapp/src/components/interfaces.ts": {"path":"/Users/aakashpal/Downloads/interview-stack-develop/webapp/src/components/interfaces.ts","statementMap":{},"fnMap":{},"branchMap":{},"s":{},"f":{},"b":{}}
,"/Users/aakashpal/Downloads/interview-stack-develop/webapp/src/components/DraggableItem/DraggableItem.stories.tsx": {"path":"/Users/aakashpal/Downloads/interview-stack-develop/webapp/src/components/DraggableItem/DraggableItem.stories.tsx","statementMap":{"0":{"start":{"line":12,"column":55},"end":{"line":12,"column":92}},"1":{"start":{"line":12,"column":65},"end":{"line":12,"column":92}},"2":{"start":{"line":14,"column":46},"end":{"line":21,"column":1}},"3":{"start":{"line":23,"column":16},"end":{"line":30,"column":2}},"4":{"start":{"line":23,"column":42},"end":{"line":30,"column":1}},"5":{"start":{"line":32,"column":23},"end":{"line":32,"column":40}},"6":{"start":{"line":33,"column":0},"end":{"line":33,"column":37}},"7":{"start":{"line":35,"column":20},"end":{"line":35,"column":37}},"8":{"start":{"line":36,"column":0},"end":{"line":36,"column":26}}},"fnMap":{"0":{"name":"(anonymous_0)","decl":{"start":{"line":12,"column":55},"end":{"line":12,"column":56}},"loc":{"start":{"line":12,"column":65},"end":{"line":12,"column":92}},"line":12},"1":{"name":"(anonymous_1)","decl":{"start":{"line":15,"column":14},"end":{"line":15,"column":15}},"loc":{"start":{"line":15,"column":20},"end":{"line":15,"column":22}},"line":15},"2":{"name":"(anonymous_2)","decl":{"start":{"line":23,"column":16},"end":{"line":23,"column":17}},"loc":{"start":{"line":23,"column":42},"end":{"line":30,"column":1}},"line":23},"3":{"name":"(anonymous_3)","decl":{"start":{"line":29,"column":17},"end":{"line":29,"column":18}},"loc":{"start":{"line":29,"column":35},"end":{"line":29,"column":37}},"line":29}},"branchMap":{},"s":{"0":0,"1":0,"2":0,"3":0,"4":0,"5":0,"6":0,"7":0,"8":0},"f":{"0":0,"1":0,"2":0,"3":0},"b":{}}
,"/Users/aakashpal/Downloads/interview-stack-develop/webapp/src/components/DraggableItem/DraggableItem.tsx": {"path":"/Users/aakashpal/Downloads/interview-stack-develop/webapp/src/components/DraggableItem/DraggableItem.tsx","statementMap":{"0":{"start":{"line":6,"column":22},"end":{"line":29,"column":1}},"1":{"start":{"line":7,"column":4},"end":{"line":28,"column":10}},"2":{"start":{"line":17,"column":81},"end":{"line":17,"column":86}},"3":{"start":{"line":18,"column":12},"end":{"line":26,"column":14}},"4":{"start":{"line":19,"column":39},"end":{"line":19,"column":99}}},"fnMap":{"0":{"name":"(anonymous_0)","decl":{"start":{"line":6,"column":22},"end":{"line":6,"column":23}},"loc":{"start":{"line":7,"column":4},"end":{"line":28,"column":10}},"line":7},"1":{"name":"(anonymous_1)","decl":{"start":{"line":16,"column":10},"end":{"line":16,"column":11}},"loc":{"start":{"line":16,"column":16},"end":{"line":27,"column":9}},"line":16},"2":{"name":"(anonymous_2)","decl":{"start":{"line":19,"column":33},"end":{"line":19,"column":34}},"loc":{"start":{"line":19,"column":39},"end":{"line":19,"column":99}},"line":19}},"branchMap":{"0":{"loc":{"start":{"line":21,"column":30},"end":{"line":21,"column":82}},"type":"cond-expr","locations":[{"start":{"line":21,"column":53},"end":{"line":21,"column":66}},{"start":{"line":21,"column":69},"end":{"line":21,"column":82}}],"line":21},"1":{"loc":{"start":{"line":22,"column":38},"end":{"line":22,"column":94}},"type":"cond-expr","locations":[{"start":{"line":22,"column":61},"end":{"line":22,"column":77}},{"start":{"line":22,"column":80},"end":{"line":22,"column":94}}],"line":22}},"s":{"0":3,"1":5,"2":5,"3":5,"4":0},"f":{"0":5,"1":5,"2":0},"b":{"0":[1,4],"1":[1,4]},"_coverageSchema":"1a1c01bbd47fc00a2c39e90264f33305004495a9","hash":"22d149d29c376ef790a2e73d487086c321aa03ce"}
,"/Users/aakashpal/Downloads/interview-stack-develop/webapp/src/components/DraggableList/DraggableList.stories.tsx": {"path":"/Users/aakashpal/Downloads/interview-stack-develop/webapp/src/components/DraggableList/DraggableList.stories.tsx","statementMap":{"0":{"start":{"line":12,"column":55},"end":{"line":16,"column":1}},"1":{"start":{"line":13,"column":4},"end":{"line":15,"column":22}},"2":{"start":{"line":18,"column":16},"end":{"line":27,"column":2}},"3":{"start":{"line":18,"column":42},"end":{"line":27,"column":1}},"4":{"start":{"line":29,"column":23},"end":{"line":29,"column":40}},"5":{"start":{"line":30,"column":0},"end":{"line":30,"column":37}},"6":{"start":{"line":32,"column":20},"end":{"line":32,"column":37}},"7":{"start":{"line":33,"column":0},"end":{"line":33,"column":26}}},"fnMap":{"0":{"name":"(anonymous_0)","decl":{"start":{"line":12,"column":55},"end":{"line":12,"column":56}},"loc":{"start":{"line":13,"column":4},"end":{"line":15,"column":22}},"line":13},"1":{"name":"(anonymous_1)","decl":{"start":{"line":13,"column":32},"end":{"line":13,"column":33}},"loc":{"start":{"line":13,"column":38},"end":{"line":13,"column":40}},"line":13},"2":{"name":"(anonymous_2)","decl":{"start":{"line":18,"column":16},"end":{"line":18,"column":17}},"loc":{"start":{"line":18,"column":42},"end":{"line":27,"column":1}},"line":18},"3":{"name":"(anonymous_3)","decl":{"start":{"line":21,"column":17},"end":{"line":21,"column":18}},"loc":{"start":{"line":21,"column":35},"end":{"line":21,"column":37}},"line":21}},"branchMap":{},"s":{"0":0,"1":0,"2":0,"3":0,"4":0,"5":0,"6":0,"7":0},"f":{"0":0,"1":0,"2":0,"3":0},"b":{}}
,"/Users/aakashpal/Downloads/interview-stack-develop/webapp/src/components/DraggableList/DraggableList.tsx": {"path":"/Users/aakashpal/Downloads/interview-stack-develop/webapp/src/components/DraggableList/DraggableList.tsx","statementMap":{"0":{"start":{"line":6,"column":22},"end":{"line":44,"column":1}},"1":{"start":{"line":7,"column":4},"end":{"line":43,"column":16}},"2":{"start":{"line":9,"column":12},"end":{"line":41,"column":18}},"3":{"start":{"line":22,"column":24},"end":{"line":37,"column":36}},"4":{"start":{"line":28,"column":32},"end":{"line":35,"column":34}}},"fnMap":{"0":{"name":"(anonymous_0)","decl":{"start":{"line":6,"column":22},"end":{"line":6,"column":23}},"loc":{"start":{"line":7,"column":4},"end":{"line":43,"column":16}},"line":7},"1":{"name":"(anonymous_1)","decl":{"start":{"line":8,"column":9},"end":{"line":8,"column":10}},"loc":{"start":{"line":9,"column":12},"end":{"line":41,"column":18}},"line":9},"2":{"name":"(anonymous_2)","decl":{"start":{"line":21,"column":62},"end":{"line":21,"column":63}},"loc":{"start":{"line":22,"column":24},"end":{"line":37,"column":36}},"line":22},"3":{"name":"(anonymous_3)","decl":{"start":{"line":27,"column":29},"end":{"line":27,"column":30}},"loc":{"start":{"line":28,"column":32},"end":{"line":35,"column":34}},"line":28}},"branchMap":{"0":{"loc":{"start":{"line":21,"column":20},"end":{"line":38,"column":22}},"type":"binary-expr","locations":[{"start":{"line":21,"column":20},"end":{"line":21,"column":42}},{"start":{"line":21,"column":46},"end":{"line":38,"column":22}}],"line":21}},"s":{"0":2,"1":4,"2":4,"3":4,"4":4},"f":{"0":4,"1":4,"2":4,"3":4},"b":{"0":[4,2]},"_coverageSchema":"1a1c01bbd47fc00a2c39e90264f33305004495a9","hash":"5194442e38b9d5870b7a322d4689c3122f6e25fa"}
,"/Users/aakashpal/Downloads/interview-stack-develop/webapp/src/components/Header/Header.stories.tsx": {"path":"/Users/aakashpal/Downloads/interview-stack-develop/webapp/src/components/Header/Header.stories.tsx","statementMap":{"0":{"start":{"line":9,"column":30},"end":{"line":9,"column":67}},"1":{"start":{"line":12,"column":48},"end":{"line":12,"column":78}},"2":{"start":{"line":12,"column":58},"end":{"line":12,"column":78}},"3":{"start":{"line":14,"column":23},"end":{"line":14,"column":40}},"4":{"start":{"line":15,"column":0},"end":{"line":15,"column":61}},"5":{"start":{"line":17,"column":24},"end":{"line":17,"column":41}},"6":{"start":{"line":18,"column":0},"end":{"line":20,"column":2}}},"fnMap":{"0":{"name":"(anonymous_0)","decl":{"start":{"line":9,"column":18},"end":{"line":9,"column":19}},"loc":{"start":{"line":9,"column":30},"end":{"line":9,"column":67}},"line":9},"1":{"name":"(anonymous_1)","decl":{"start":{"line":12,"column":48},"end":{"line":12,"column":49}},"loc":{"start":{"line":12,"column":58},"end":{"line":12,"column":78}},"line":12}},"branchMap":{},"s":{"0":0,"1":0,"2":0,"3":0,"4":0,"5":0,"6":0},"f":{"0":0,"1":0},"b":{}}
,"/Users/aakashpal/Downloads/interview-stack-develop/webapp/src/components/Header/Header.tsx": {"path":"/Users/aakashpal/Downloads/interview-stack-develop/webapp/src/components/Header/Header.tsx","statementMap":{"0":{"start":{"line":6,"column":15},"end":{"line":32,"column":1}},"1":{"start":{"line":7,"column":4},"end":{"line":31,"column":6}},"2":{"start":{"line":17,"column":44},"end":{"line":19,"column":29}},"3":{"start":{"line":20,"column":43},"end":{"line":20,"column":58}},"4":{"start":{"line":21,"column":28},"end":{"line":25,"column":30}}},"fnMap":{"0":{"name":"(anonymous_0)","decl":{"start":{"line":6,"column":15},"end":{"line":6,"column":16}},"loc":{"start":{"line":6,"column":39},"end":{"line":32,"column":1}},"line":6},"1":{"name":"(anonymous_1)","decl":{"start":{"line":16,"column":24},"end":{"line":16,"column":25}},"loc":{"start":{"line":16,"column":47},"end":{"line":26,"column":25}},"line":16}},"branchMap":{"0":{"loc":{"start":{"line":18,"column":34},"end":{"line":18,"column":78}},"type":"cond-expr","locations":[{"start":{"line":18,"column":67},"end":{"line":18,"column":73}},{"start":{"line":18,"column":76},"end":{"line":18,"column":78}}],"line":18}},"s":{"0":3,"1":11,"2":21,"3":21,"4":21},"f":{"0":11,"1":21},"b":{"0":[10,11]},"_coverageSchema":"1a1c01bbd47fc00a2c39e90264f33305004495a9","hash":"f936d3516227ec358eb8b5b0f438e73c94537347"}
,"/Users/aakashpal/Downloads/interview-stack-develop/webapp/src/components/MainIcon/MainIcon.stories.tsx": {"path":"/Users/aakashpal/Downloads/interview-stack-develop/webapp/src/components/MainIcon/MainIcon.stories.tsx","statementMap":{"0":{"start":{"line":10,"column":24},"end":{"line":10,"column":42}},"1":{"start":{"line":10,"column":30},"end":{"line":10,"column":42}}},"fnMap":{"0":{"name":"(anonymous_0)","decl":{"start":{"line":10,"column":24},"end":{"line":10,"column":25}},"loc":{"start":{"line":10,"column":30},"end":{"line":10,"column":42}},"line":10}},"branchMap":{},"s":{"0":0,"1":0},"f":{"0":0},"b":{}}
,"/Users/aakashpal/Downloads/interview-stack-develop/webapp/src/components/MainIcon/MainIcon.tsx": {"path":"/Users/aakashpal/Downloads/interview-stack-develop/webapp/src/components/MainIcon/MainIcon.tsx","statementMap":{"0":{"start":{"line":3,"column":17},"end":{"line":13,"column":1}},"1":{"start":{"line":4,"column":4},"end":{"line":12,"column":6}}},"fnMap":{"0":{"name":"(anonymous_0)","decl":{"start":{"line":3,"column":17},"end":{"line":3,"column":18}},"loc":{"start":{"line":3,"column":23},"end":{"line":13,"column":1}},"line":3}},"branchMap":{},"s":{"0":4,"1":12},"f":{"0":12},"b":{},"_coverageSchema":"1a1c01bbd47fc00a2c39e90264f33305004495a9","hash":"f5744c028621ff4148f17f9000741c4fafb32fad"}
,"/Users/aakashpal/Downloads/interview-stack-develop/webapp/src/components/Product/Product.stories.tsx": {"path":"/Users/aakashpal/Downloads/interview-stack-develop/webapp/src/components/Product/Product.stories.tsx","statementMap":{"0":{"start":{"line":10,"column":49},"end":{"line":12,"column":1}},"1":{"start":{"line":11,"column":4},"end":{"line":11,"column":25}},"2":{"start":{"line":14,"column":23},"end":{"line":14,"column":40}},"3":{"start":{"line":15,"column":0},"end":{"line":20,"column":2}},"4":{"start":{"line":22,"column":28},"end":{"line":22,"column":45}},"5":{"start":{"line":23,"column":0},"end":{"line":28,"column":2}},"6":{"start":{"line":30,"column":28},"end":{"line":30,"column":45}},"7":{"start":{"line":31,"column":0},"end":{"line":35,"column":2}}},"fnMap":{"0":{"name":"(anonymous_0)","decl":{"start":{"line":10,"column":49},"end":{"line":10,"column":50}},"loc":{"start":{"line":11,"column":4},"end":{"line":11,"column":25}},"line":11}},"branchMap":{},"s":{"0":0,"1":0,"2":0,"3":0,"4":0,"5":0,"6":0,"7":0},"f":{"0":0},"b":{}}
,"/Users/aakashpal/Downloads/interview-stack-develop/webapp/src/components/Product/Product.tsx": {"path":"/Users/aakashpal/Downloads/interview-stack-develop/webapp/src/components/Product/Product.tsx","statementMap":{"0":{"start":{"line":10,"column":40},"end":{"line":30,"column":1}},"1":{"start":{"line":11,"column":4},"end":{"line":29,"column":6}}},"fnMap":{"0":{"name":"(anonymous_0)","decl":{"start":{"line":10,"column":40},"end":{"line":10,"column":41}},"loc":{"start":{"line":10,"column":68},"end":{"line":30,"column":1}},"line":10}},"branchMap":{},"s":{"0":2,"1":3},"f":{"0":3},"b":{},"_coverageSchema":"1a1c01bbd47fc00a2c39e90264f33305004495a9","hash":"c815ea92d878da0e7fdcaeee85add830174d4459"}
,"/Users/aakashpal/Downloads/interview-stack-develop/webapp/src/components/Spinner/Spinner.stories.tsx": {"path":"/Users/aakashpal/Downloads/interview-stack-develop/webapp/src/components/Spinner/Spinner.stories.tsx","statementMap":{"0":{"start":{"line":10,"column":23},"end":{"line":10,"column":40}},"1":{"start":{"line":10,"column":29},"end":{"line":10,"column":40}}},"fnMap":{"0":{"name":"(anonymous_0)","decl":{"start":{"line":10,"column":23},"end":{"line":10,"column":24}},"loc":{"start":{"line":10,"column":29},"end":{"line":10,"column":40}},"line":10}},"branchMap":{},"s":{"0":0,"1":0},"f":{"0":0},"b":{}}
,"/Users/aakashpal/Downloads/interview-stack-develop/webapp/src/components/Spinner/Spinner.tsx": {"path":"/Users/aakashpal/Downloads/interview-stack-develop/webapp/src/components/Spinner/Spinner.tsx","statementMap":{"0":{"start":{"line":3,"column":16},"end":{"line":11,"column":1}},"1":{"start":{"line":4,"column":4},"end":{"line":10,"column":10}}},"fnMap":{"0":{"name":"(anonymous_0)","decl":{"start":{"line":3,"column":16},"end":{"line":3,"column":17}},"loc":{"start":{"line":4,"column":4},"end":{"line":10,"column":10}},"line":4}},"branchMap":{},"s":{"0":3,"1":7},"f":{"0":7},"b":{},"_coverageSchema":"1a1c01bbd47fc00a2c39e90264f33305004495a9","hash":"91ce5fbf46990854886bcde7f1bc4c5ead43d4a5"}
,"/Users/aakashpal/Downloads/interview-stack-develop/webapp/src/pages/ApiHelper.ts": {"path":"/Users/aakashpal/Downloads/interview-stack-develop/webapp/src/pages/ApiHelper.ts","statementMap":{"0":{"start":{"line":4,"column":23},"end":{"line":4,"column":47}},"1":{"start":{"line":6,"column":26},"end":{"line":29,"column":1}},"2":{"start":{"line":7,"column":33},"end":{"line":11,"column":5}},"3":{"start":{"line":12,"column":23},"end":{"line":12,"column":28}},"4":{"start":{"line":13,"column":4},"end":{"line":27,"column":5}},"5":{"start":{"line":14,"column":25},"end":{"line":14,"column":56}},"6":{"start":{"line":15,"column":8},"end":{"line":23,"column":9}},"7":{"start":{"line":16,"column":29},"end":{"line":16,"column":42}},"8":{"start":{"line":17,"column":12},"end":{"line":19,"column":15}},"9":{"start":{"line":18,"column":16},"end":{"line":18,"column":76}},"10":{"start":{"line":21,"column":32},"end":{"line":21,"column":45}},"11":{"start":{"line":22,"column":12},"end":{"line":22,"column":26}},"12":{"start":{"line":25,"column":8},"end":{"line":25,"column":27}},"13":{"start":{"line":26,"column":8},"end":{"line":26,"column":28}},"14":{"start":{"line":28,"column":4},"end":{"line":28,"column":39}},"15":{"start":{"line":31,"column":26},"end":{"line":31,"column":53}},"16":{"start":{"line":33,"column":26},"end":{"line":47,"column":1}},"17":{"start":{"line":34,"column":25},"end":{"line":34,"column":66}},"18":{"start":{"line":35,"column":29},"end":{"line":35,"column":34}},"19":{"start":{"line":36,"column":4},"end":{"line":45,"column":5}},"20":{"start":{"line":37,"column":25},"end":{"line":37,"column":74}},"21":{"start":{"line":38,"column":8},"end":{"line":42,"column":9}},"22":{"start":{"line":38,"column":38},"end":{"line":38,"column":64}},"23":{"start":{"line":40,"column":32},"end":{"line":40,"column":45}},"24":{"start":{"line":41,"column":12},"end":{"line":41,"column":26}},"25":{"start":{"line":44,"column":8},"end":{"line":44,"column":27}},"26":{"start":{"line":46,"column":4},"end":{"line":46,"column":30}},"27":{"start":{"line":49,"column":21},"end":{"line":49,"column":36}},"28":{"start":{"line":51,"column":24},"end":{"line":68,"column":1}},"29":{"start":{"line":52,"column":30},"end":{"line":52,"column":32}},"30":{"start":{"line":53,"column":23},"end":{"line":53,"column":28}},"31":{"start":{"line":54,"column":4},"end":{"line":66,"column":5}},"32":{"start":{"line":55,"column":25},"end":{"line":55,"column":54}},"33":{"start":{"line":56,"column":8},"end":{"line":62,"column":9}},"34":{"start":{"line":57,"column":27},"end":{"line":57,"column":40}},"35":{"start":{"line":58,"column":12},"end":{"line":58,"column":28}},"36":{"start":{"line":60,"column":32},"end":{"line":60,"column":45}},"37":{"start":{"line":61,"column":12},"end":{"line":61,"column":26}},"38":{"start":{"line":64,"column":8},"end":{"line":64,"column":27}},"39":{"start":{"line":65,"column":8},"end":{"line":65,"column":28}},"40":{"start":{"line":67,"column":4},"end":{"line":67,"column":38}}},"fnMap":{"0":{"name":"(anonymous_0)","decl":{"start":{"line":6,"column":26},"end":{"line":6,"column":27}},"loc":{"start":{"line":6,"column":38},"end":{"line":29,"column":1}},"line":6},"1":{"name":"(anonymous_1)","decl":{"start":{"line":17,"column":25},"end":{"line":17,"column":26}},"loc":{"start":{"line":17,"column":43},"end":{"line":19,"column":13}},"line":17},"2":{"name":"(anonymous_2)","decl":{"start":{"line":33,"column":26},"end":{"line":33,"column":27}},"loc":{"start":{"line":33,"column":74},"end":{"line":47,"column":1}},"line":33},"3":{"name":"(anonymous_3)","decl":{"start":{"line":51,"column":24},"end":{"line":51,"column":25}},"loc":{"start":{"line":51,"column":36},"end":{"line":68,"column":1}},"line":51}},"branchMap":{"0":{"loc":{"start":{"line":15,"column":8},"end":{"line":23,"column":9}},"type":"if","locations":[{"start":{"line":15,"column":8},"end":{"line":23,"column":9}},{"start":{"line":20,"column":15},"end":{"line":23,"column":9}}],"line":15},"1":{"loc":{"start":{"line":38,"column":8},"end":{"line":42,"column":9}},"type":"if","locations":[{"start":{"line":38,"column":8},"end":{"line":42,"column":9}},{"start":{"line":39,"column":13},"end":{"line":42,"column":9}}],"line":38},"2":{"loc":{"start":{"line":56,"column":8},"end":{"line":62,"column":9}},"type":"if","locations":[{"start":{"line":56,"column":8},"end":{"line":62,"column":9}},{"start":{"line":59,"column":15},"end":{"line":62,"column":9}}],"line":56}},"s":{"0":2,"1":2,"2":3,"3":3,"4":3,"5":3,"6":1,"7":1,"8":1,"9":1,"10":0,"11":0,"12":1,"13":1,"14":2,"15":2,"16":2,"17":0,"18":0,"19":0,"20":0,"21":0,"22":0,"23":0,"24":0,"25":0,"26":0,"27":2,"28":2,"29":3,"30":3,"31":3,"32":3,"33":1,"34":1,"35":1,"36":0,"37":0,"38":1,"39":1,"40":2},"f":{"0":3,"1":1,"2":0,"3":3},"b":{"0":[1,0],"1":[0,0],"2":[1,0]},"_coverageSchema":"1a1c01bbd47fc00a2c39e90264f33305004495a9","hash":"d1ee54c6d4c72132a613662c05848c29c7172538"}
,"/Users/aakashpal/Downloads/interview-stack-develop/webapp/src/pages/PageWrapper.tsx": {"path":"/Users/aakashpal/Downloads/interview-stack-develop/webapp/src/pages/PageWrapper.tsx","statementMap":{"0":{"start":{"line":8,"column":14},"end":{"line":11,"column":1}},"1":{"start":{"line":13,"column":20},"end":{"line":23,"column":1}},"2":{"start":{"line":14,"column":4},"end":{"line":22,"column":7}}},"fnMap":{"0":{"name":"(anonymous_0)","decl":{"start":{"line":13,"column":20},"end":{"line":13,"column":21}},"loc":{"start":{"line":14,"column":4},"end":{"line":22,"column":7}},"line":14}},"branchMap":{},"s":{"0":2,"1":2,"2":10},"f":{"0":10},"b":{},"_coverageSchema":"1a1c01bbd47fc00a2c39e90264f33305004495a9","hash":"b832be6d26a9e755c20fe3bf1d970a8ab9a1a3c4"}
,"/Users/aakashpal/Downloads/interview-stack-develop/webapp/src/pages/HomePage/HomePage.stories.tsx": {"path":"/Users/aakashpal/Downloads/interview-stack-develop/webapp/src/pages/HomePage/HomePage.stories.tsx","statementMap":{"0":{"start":{"line":10,"column":30},"end":{"line":10,"column":67}},"1":{"start":{"line":13,"column":50},"end":{"line":13,"column":68}},"2":{"start":{"line":13,"column":56},"end":{"line":13,"column":68}},"3":{"start":{"line":15,"column":30},"end":{"line":15,"column":47}},"4":{"start":{"line":16,"column":0},"end":{"line":81,"column":2}},"5":{"start":{"line":83,"column":35},"end":{"line":83,"column":52}},"6":{"start":{"line":84,"column":0},"end":{"line":106,"column":2}},"7":{"start":{"line":108,"column":28},"end":{"line":108,"column":45}},"8":{"start":{"line":109,"column":0},"end":{"line":131,"column":2}}},"fnMap":{"0":{"name":"(anonymous_0)","decl":{"start":{"line":10,"column":18},"end":{"line":10,"column":19}},"loc":{"start":{"line":10,"column":30},"end":{"line":10,"column":67}},"line":10},"1":{"name":"(anonymous_1)","decl":{"start":{"line":13,"column":50},"end":{"line":13,"column":51}},"loc":{"start":{"line":13,"column":56},"end":{"line":13,"column":68}},"line":13}},"branchMap":{},"s":{"0":0,"1":0,"2":0,"3":0,"4":0,"5":0,"6":0,"7":0,"8":0},"f":{"0":0,"1":0},"b":{}}
,"/Users/aakashpal/Downloads/interview-stack-develop/webapp/src/pages/HomePage/HomePage.tsx": {"path":"/Users/aakashpal/Downloads/interview-stack-develop/webapp/src/pages/HomePage/HomePage.tsx","statementMap":{"0":{"start":{"line":9,"column":20},"end":{"line":13,"column":1}},"1":{"start":{"line":21,"column":28},"end":{"line":25,"column":1}},"2":{"start":{"line":27,"column":17},"end":{"line":165,"column":1}},"3":{"start":{"line":28,"column":44},"end":{"line":28,"column":73}},"4":{"start":{"line":29,"column":28},"end":{"line":33,"column":19}},"5":{"start":{"line":35,"column":22},"end":{"line":40,"column":5}},"6":{"start":{"line":36,"column":8},"end":{"line":36,"column":45}},"7":{"start":{"line":37,"column":44},"end":{"line":37,"column":69}},"8":{"start":{"line":38,"column":8},"end":{"line":38,"column":27}},"9":{"start":{"line":39,"column":8},"end":{"line":39,"column":79}},"10":{"start":{"line":42,"column":24},"end":{"line":60,"column":5}},"11":{"start":{"line":43,"column":8},"end":{"line":43,"column":45}},"12":{"start":{"line":45,"column":12},"end":{"line":45,"column":65}},"13":{"start":{"line":46,"column":35},"end":{"line":49,"column":9}},"14":{"start":{"line":50,"column":8},"end":{"line":58,"column":9}},"15":{"start":{"line":51,"column":30},"end":{"line":51,"column":66}},"16":{"start":{"line":52,"column":12},"end":{"line":57,"column":15}},"17":{"start":{"line":55,"column":43},"end":{"line":55,"column":79}},"18":{"start":{"line":59,"column":8},"end":{"line":59,"column":44}},"19":{"start":{"line":62,"column":26},"end":{"line":110,"column":5}},"20":{"start":{"line":63,"column":40},"end":{"line":63,"column":46}},"21":{"start":{"line":64,"column":8},"end":{"line":64,"column":33}},"22":{"start":{"line":64,"column":26},"end":{"line":64,"column":33}},"23":{"start":{"line":66,"column":26},"end":{"line":68,"column":28}},"24":{"start":{"line":69,"column":28},"end":{"line":69,"column":40}},"25":{"start":{"line":71,"column":24},"end":{"line":73,"column":28}},"26":{"start":{"line":74,"column":26},"end":{"line":74,"column":43}},"27":{"start":{"line":76,"column":28},"end":{"line":76,"column":55}},"28":{"start":{"line":77,"column":26},"end":{"line":77,"column":51}},"29":{"start":{"line":78,"column":26},"end":{"line":78,"column":60}},"30":{"start":{"line":79,"column":8},"end":{"line":79,"column":38}},"31":{"start":{"line":81,"column":8},"end":{"line":91,"column":9}},"32":{"start":{"line":82,"column":12},"end":{"line":82,"column":54}},"33":{"start":{"line":83,"column":12},"end":{"line":83,"column":59}},"34":{"start":{"line":85,"column":12},"end":{"line":85,"column":52}},"35":{"start":{"line":86,"column":12},"end":{"line":90,"column":15}},"36":{"start":{"line":93,"column":35},"end":{"line":93,"column":76}},"37":{"start":{"line":94,"column":8},"end":{"line":109,"column":9}},"38":{"start":{"line":95,"column":12},"end":{"line":107,"column":13}},"39":{"start":{"line":96,"column":16},"end":{"line":96,"column":49}},"40":{"start":{"line":97,"column":16},"end":{"line":97,"column":60}},"41":{"start":{"line":98,"column":16},"end":{"line":98,"column":63}},"42":{"start":{"line":100,"column":16},"end":{"line":100,"column":60}},"43":{"start":{"line":101,"column":16},"end":{"line":101,"column":47}},"44":{"start":{"line":102,"column":16},"end":{"line":106,"column":19}},"45":{"start":{"line":108,"column":12},"end":{"line":108,"column":73}},"46":{"start":{"line":112,"column":4},"end":{"line":114,"column":11}},"47":{"start":{"line":113,"column":8},"end":{"line":113,"column":20}},"48":{"start":{"line":117,"column":4},"end":{"line":162,"column":10}},"49":{"start":{"line":118,"column":8},"end":{"line":125,"column":10}},"50":{"start":{"line":126,"column":9},"end":{"line":162,"column":10}},"51":{"start":{"line":127,"column":8},"end":{"line":153,"column":10}},"52":{"start":{"line":136,"column":55},"end":{"line":136,"column":73}},"53":{"start":{"line":142,"column":55},"end":{"line":142,"column":73}},"54":{"start":{"line":148,"column":55},"end":{"line":148,"column":73}},"55":{"start":{"line":155,"column":8},"end":{"line":162,"column":10}},"56":{"start":{"line":164,"column":4},"end":{"line":164,"column":48}}},"fnMap":{"0":{"name":"(anonymous_0)","decl":{"start":{"line":27,"column":17},"end":{"line":27,"column":18}},"loc":{"start":{"line":27,"column":23},"end":{"line":165,"column":1}},"line":27},"1":{"name":"(anonymous_1)","decl":{"start":{"line":35,"column":22},"end":{"line":35,"column":23}},"loc":{"start":{"line":35,"column":34},"end":{"line":40,"column":5}},"line":35},"2":{"name":"(anonymous_2)","decl":{"start":{"line":42,"column":24},"end":{"line":42,"column":25}},"loc":{"start":{"line":42,"column":48},"end":{"line":60,"column":5}},"line":42},"3":{"name":"(anonymous_3)","decl":{"start":{"line":55,"column":20},"end":{"line":55,"column":21}},"loc":{"start":{"line":55,"column":43},"end":{"line":55,"column":79}},"line":55},"4":{"name":"(anonymous_4)","decl":{"start":{"line":62,"column":26},"end":{"line":62,"column":27}},"loc":{"start":{"line":62,"column":49},"end":{"line":110,"column":5}},"line":62},"5":{"name":"(anonymous_5)","decl":{"start":{"line":112,"column":14},"end":{"line":112,"column":15}},"loc":{"start":{"line":112,"column":20},"end":{"line":114,"column":5}},"line":112},"6":{"name":"(anonymous_6)","decl":{"start":{"line":136,"column":37},"end":{"line":136,"column":38}},"loc":{"start":{"line":136,"column":55},"end":{"line":136,"column":73}},"line":136},"7":{"name":"(anonymous_7)","decl":{"start":{"line":142,"column":37},"end":{"line":142,"column":38}},"loc":{"start":{"line":142,"column":55},"end":{"line":142,"column":73}},"line":142},"8":{"name":"(anonymous_8)","decl":{"start":{"line":148,"column":37},"end":{"line":148,"column":38}},"loc":{"start":{"line":148,"column":55},"end":{"line":148,"column":73}},"line":148}},"branchMap":{"0":{"loc":{"start":{"line":39,"column":24},"end":{"line":39,"column":77}},"type":"cond-expr","locations":[{"start":{"line":39,"column":39},"end":{"line":39,"column":56}},{"start":{"line":39,"column":59},"end":{"line":39,"column":77}}],"line":39},"1":{"loc":{"start":{"line":45,"column":12},"end":{"line":45,"column":65}},"type":"cond-expr","locations":[{"start":{"line":45,"column":41},"end":{"line":45,"column":51}},{"start":{"line":45,"column":54},"end":{"line":45,"column":65}}],"line":45},"2":{"loc":{"start":{"line":50,"column":8},"end":{"line":58,"column":9}},"type":"if","locations":[{"start":{"line":50,"column":8},"end":{"line":58,"column":9}},{"start":{},"end":{}}],"line":50},"3":{"loc":{"start":{"line":64,"column":8},"end":{"line":64,"column":33}},"type":"if","locations":[{"start":{"line":64,"column":8},"end":{"line":64,"column":33}},{"start":{},"end":{}}],"line":64},"4":{"loc":{"start":{"line":81,"column":8},"end":{"line":91,"column":9}},"type":"if","locations":[{"start":{"line":81,"column":8},"end":{"line":91,"column":9}},{"start":{"line":84,"column":15},"end":{"line":91,"column":9}}],"line":81},"5":{"loc":{"start":{"line":94,"column":8},"end":{"line":109,"column":9}},"type":"if","locations":[{"start":{"line":94,"column":8},"end":{"line":109,"column":9}},{"start":{},"end":{}}],"line":94},"6":{"loc":{"start":{"line":95,"column":12},"end":{"line":107,"column":13}},"type":"if","locations":[{"start":{"line":95,"column":12},"end":{"line":107,"column":13}},{"start":{"line":99,"column":19},"end":{"line":107,"column":13}}],"line":95},"7":{"loc":{"start":{"line":117,"column":4},"end":{"line":162,"column":10}},"type":"if","locations":[{"start":{"line":117,"column":4},"end":{"line":162,"column":10}},{"start":{"line":126,"column":9},"end":{"line":162,"column":10}}],"line":117},"8":{"loc":{"start":{"line":126,"column":9},"end":{"line":162,"column":10}},"type":"if","locations":[{"start":{"line":126,"column":9},"end":{"line":162,"column":10}},{"start":{"line":155,"column":8},"end":{"line":162,"column":10}}],"line":126}},"s":{"0":1,"1":1,"2":1,"3":5,"4":5,"5":5,"6":3,"7":3,"8":2,"9":2,"10":5,"11":0,"12":0,"13":0,"14":0,"15":0,"16":0,"17":0,"18":0,"19":5,"20":0,"21":0,"22":0,"23":0,"24":0,"25":0,"26":0,"27":0,"28":0,"29":0,"30":0,"31":0,"32":0,"33":0,"34":0,"35":0,"36":0,"37":0,"38":0,"39":0,"40":0,"41":0,"42":0,"43":0,"44":0,"45":0,"46":5,"47":3,"48":5,"49":3,"50":2,"51":1,"52":0,"53":0,"54":0,"55":1,"56":5},"f":{"0":5,"1":3,"2":0,"3":0,"4":0,"5":3,"6":0,"7":0,"8":0},"b":{"0":[1,1],"1":[0,0],"2":[0,0],"3":[0,0],"4":[0,0],"5":[0,0],"6":[0,0],"7":[3,2],"8":[1,1]},"_coverageSchema":"1a1c01bbd47fc00a2c39e90264f33305004495a9","hash":"962a92d6a680aee2b8e67b81d9ad6aca3e6bff18"}
,"/Users/aakashpal/Downloads/interview-stack-develop/webapp/src/pages/ProductsPage/ProductsPage.stories.tsx": {"path":"/Users/aakashpal/Downloads/interview-stack-develop/webapp/src/pages/ProductsPage/ProductsPage.stories.tsx","statementMap":{"0":{"start":{"line":12,"column":12},"end":{"line":14,"column":27}},"1":{"start":{"line":19,"column":54},"end":{"line":19,"column":76}},"2":{"start":{"line":19,"column":60},"end":{"line":19,"column":76}},"3":{"start":{"line":21,"column":30},"end":{"line":21,"column":47}},"4":{"start":{"line":22,"column":0},"end":{"line":56,"column":2}},"5":{"start":{"line":58,"column":35},"end":{"line":58,"column":52}},"6":{"start":{"line":59,"column":0},"end":{"line":71,"column":2}},"7":{"start":{"line":73,"column":28},"end":{"line":73,"column":45}},"8":{"start":{"line":74,"column":0},"end":{"line":86,"column":2}}},"fnMap":{"0":{"name":"(anonymous_0)","decl":{"start":{"line":11,"column":8},"end":{"line":11,"column":9}},"loc":{"start":{"line":12,"column":12},"end":{"line":14,"column":27}},"line":12},"1":{"name":"(anonymous_1)","decl":{"start":{"line":19,"column":54},"end":{"line":19,"column":55}},"loc":{"start":{"line":19,"column":60},"end":{"line":19,"column":76}},"line":19}},"branchMap":{},"s":{"0":0,"1":0,"2":0,"3":0,"4":0,"5":0,"6":0,"7":0,"8":0},"f":{"0":0,"1":0},"b":{}}
,"/Users/aakashpal/Downloads/interview-stack-develop/webapp/src/pages/ProductsPage/ProductsPage.tsx": {"path":"/Users/aakashpal/Downloads/interview-stack-develop/webapp/src/pages/ProductsPage/ProductsPage.tsx","statementMap":{"0":{"start":{"line":8,"column":20},"end":{"line":12,"column":1}},"1":{"start":{"line":14,"column":31},"end":{"line":69,"column":1}},"2":{"start":{"line":15,"column":44},"end":{"line":15,"column":73}},"3":{"start":{"line":16,"column":36},"end":{"line":16,"column":63}},"4":{"start":{"line":18,"column":26},"end":{"line":23,"column":10}},"5":{"start":{"line":19,"column":8},"end":{"line":19,"column":45}},"6":{"start":{"line":20,"column":43},"end":{"line":20,"column":66}},"7":{"start":{"line":21,"column":8},"end":{"line":21,"column":30}},"8":{"start":{"line":22,"column":8},"end":{"line":22,"column":79}},"9":{"start":{"line":25,"column":4},"end":{"line":27,"column":24}},"10":{"start":{"line":26,"column":8},"end":{"line":26,"column":24}},"11":{"start":{"line":30,"column":4},"end":{"line":66,"column":5}},"12":{"start":{"line":31,"column":8},"end":{"line":38,"column":10}},"13":{"start":{"line":39,"column":11},"end":{"line":66,"column":5}},"14":{"start":{"line":40,"column":8},"end":{"line":56,"column":10}},"15":{"start":{"line":47,"column":24},"end":{"line":52,"column":26}},"16":{"start":{"line":58,"column":8},"end":{"line":65,"column":10}},"17":{"start":{"line":68,"column":4},"end":{"line":68,"column":48}}},"fnMap":{"0":{"name":"(anonymous_0)","decl":{"start":{"line":14,"column":31},"end":{"line":14,"column":32}},"loc":{"start":{"line":14,"column":37},"end":{"line":69,"column":1}},"line":14},"1":{"name":"(anonymous_1)","decl":{"start":{"line":18,"column":38},"end":{"line":18,"column":39}},"loc":{"start":{"line":18,"column":50},"end":{"line":23,"column":5}},"line":18},"2":{"name":"(anonymous_2)","decl":{"start":{"line":25,"column":14},"end":{"line":25,"column":15}},"loc":{"start":{"line":25,"column":20},"end":{"line":27,"column":5}},"line":25},"3":{"name":"(anonymous_3)","decl":{"start":{"line":46,"column":34},"end":{"line":46,"column":35}},"loc":{"start":{"line":47,"column":24},"end":{"line":52,"column":26}},"line":47}},"branchMap":{"0":{"loc":{"start":{"line":22,"column":24},"end":{"line":22,"column":77}},"type":"cond-expr","locations":[{"start":{"line":22,"column":39},"end":{"line":22,"column":56}},{"start":{"line":22,"column":59},"end":{"line":22,"column":77}}],"line":22},"1":{"loc":{"start":{"line":30,"column":4},"end":{"line":66,"column":5}},"type":"if","locations":[{"start":{"line":30,"column":4},"end":{"line":66,"column":5}},{"start":{"line":39,"column":11},"end":{"line":66,"column":5}}],"line":30},"2":{"loc":{"start":{"line":39,"column":11},"end":{"line":66,"column":5}},"type":"if","locations":[{"start":{"line":39,"column":11},"end":{"line":66,"column":5}},{"start":{"line":57,"column":11},"end":{"line":66,"column":5}}],"line":39}},"s":{"0":1,"1":1,"2":5,"3":5,"4":5,"5":3,"6":3,"7":2,"8":2,"9":5,"10":3,"11":5,"12":3,"13":2,"14":1,"15":2,"16":1,"17":5},"f":{"0":5,"1":3,"2":3,"3":2},"b":{"0":[1,1],"1":[3,2],"2":[1,1]},"_coverageSchema":"1a1c01bbd47fc00a2c39e90264f33305004495a9","hash":"582703338b03af1dabe9f24b551da4b4472b7fb6"}
}
