TN:
SF:src/App.tsx
FN:6,(anonymous_0)
FNF:1
FNH:0
FNDA:0,(anonymous_0)
DA:6,0
DA:7,0
LF:2
LH:0
BRF:0
BRH:0
end_of_record
TN:
SF:src/index.tsx
FNF:0
FNH:0
DA:6,0
DA:7,0
DA:8,0
DA:9,0
LF:4
LH:0
BRDA:7,0,0,0
BRDA:7,0,1,0
BRF:2
BRH:0
end_of_record
TN:
SF:src/utils.ts
FN:1,(anonymous_0)
FNF:1
FNH:1
FNDA:6,(anonymous_0)
DA:1,3
DA:2,6
LF:2
LH:2
BRDA:1,0,0,5
BRDA:2,1,0,1
BRDA:2,1,1,5
BRF:3
BRH:3
end_of_record
TN:
SF:src/components/interfaces.ts
FNF:0
FNH:0
LF:0
LH:0
BRF:0
BRH:0
end_of_record
TN:
SF:src/components/DraggableItem/DraggableItem.stories.tsx
FN:12,(anonymous_0)
FN:15,(anonymous_1)
FN:23,(anonymous_2)
FN:29,(anonymous_3)
FNF:4
FNH:0
FNDA:0,(anonymous_0)
FNDA:0,(anonymous_1)
FNDA:0,(anonymous_2)
FNDA:0,(anonymous_3)
DA:12,0
DA:14,0
DA:23,0
DA:32,0
DA:33,0
DA:35,0
DA:36,0
LF:7
LH:0
BRF:0
BRH:0
end_of_record
TN:
SF:src/components/DraggableItem/DraggableItem.tsx
FN:6,(anonymous_0)
FN:16,(anonymous_1)
FN:19,(anonymous_2)
FNF:3
FNH:2
FNDA:5,(anonymous_0)
FNDA:5,(anonymous_1)
FNDA:0,(anonymous_2)
DA:6,3
DA:7,5
DA:17,5
DA:18,5
DA:19,0
LF:5
LH:4
BRDA:21,0,0,1
BRDA:21,0,1,4
BRDA:22,1,0,1
BRDA:22,1,1,4
BRF:4
BRH:4
end_of_record
TN:
SF:src/components/DraggableList/DraggableList.stories.tsx
FN:12,(anonymous_0)
FN:13,(anonymous_1)
FN:18,(anonymous_2)
FN:21,(anonymous_3)
FNF:4
FNH:0
FNDA:0,(anonymous_0)
FNDA:0,(anonymous_1)
FNDA:0,(anonymous_2)
FNDA:0,(anonymous_3)
DA:12,0
DA:13,0
DA:18,0
DA:29,0
DA:30,0
DA:32,0
DA:33,0
LF:7
LH:0
BRF:0
BRH:0
end_of_record
TN:
SF:src/components/DraggableList/DraggableList.tsx
FN:6,(anonymous_0)
FN:8,(anonymous_1)
FN:21,(anonymous_2)
FN:27,(anonymous_3)
FNF:4
FNH:4
FNDA:4,(anonymous_0)
FNDA:4,(anonymous_1)
FNDA:4,(anonymous_2)
FNDA:4,(anonymous_3)
DA:6,2
DA:7,4
DA:9,4
DA:22,4
DA:28,4
LF:5
LH:5
BRDA:21,0,0,4
BRDA:21,0,1,2
BRF:2
BRH:2
end_of_record
TN:
SF:src/components/Header/Header.stories.tsx
FN:9,(anonymous_0)
FN:12,(anonymous_1)
FNF:2
FNH:0
FNDA:0,(anonymous_0)
FNDA:0,(anonymous_1)
DA:9,0
DA:12,0
DA:14,0
DA:15,0
DA:17,0
DA:18,0
LF:6
LH:0
BRF:0
BRH:0
end_of_record
TN:
SF:src/components/Header/Header.tsx
FN:6,(anonymous_0)
FN:16,(anonymous_1)
FNF:2
FNH:2
FNDA:11,(anonymous_0)
FNDA:21,(anonymous_1)
DA:6,3
DA:7,11
DA:17,21
DA:20,21
DA:21,21
LF:5
LH:5
BRDA:18,0,0,10
BRDA:18,0,1,11
BRF:2
BRH:2
end_of_record
TN:
SF:src/components/MainIcon/MainIcon.stories.tsx
FN:10,(anonymous_0)
FNF:1
FNH:0
FNDA:0,(anonymous_0)
DA:10,0
LF:1
LH:0
BRF:0
BRH:0
end_of_record
TN:
SF:src/components/MainIcon/MainIcon.tsx
FN:3,(anonymous_0)
FNF:1
FNH:1
FNDA:12,(anonymous_0)
DA:3,4
DA:4,12
LF:2
LH:2
BRF:0
BRH:0
end_of_record
TN:
SF:src/components/Product/Product.stories.tsx
FN:10,(anonymous_0)
FNF:1
FNH:0
FNDA:0,(anonymous_0)
DA:10,0
DA:11,0
DA:14,0
DA:15,0
DA:22,0
DA:23,0
DA:30,0
DA:31,0
LF:8
LH:0
BRF:0
BRH:0
end_of_record
TN:
SF:src/components/Product/Product.tsx
FN:10,(anonymous_0)
FNF:1
FNH:1
FNDA:3,(anonymous_0)
DA:10,2
DA:11,3
LF:2
LH:2
BRF:0
BRH:0
end_of_record
TN:
SF:src/components/Spinner/Spinner.stories.tsx
FN:10,(anonymous_0)
FNF:1
FNH:0
FNDA:0,(anonymous_0)
DA:10,0
LF:1
LH:0
BRF:0
BRH:0
end_of_record
TN:
SF:src/components/Spinner/Spinner.tsx
FN:3,(anonymous_0)
FNF:1
FNH:1
FNDA:7,(anonymous_0)
DA:3,3
DA:4,7
LF:2
LH:2
BRF:0
BRH:0
end_of_record
TN:
SF:src/pages/ApiHelper.ts
FN:6,(anonymous_0)
FN:17,(anonymous_1)
FN:33,(anonymous_2)
FN:51,(anonymous_3)
FNF:4
FNH:3
FNDA:3,(anonymous_0)
FNDA:1,(anonymous_1)
FNDA:0,(anonymous_2)
FNDA:3,(anonymous_3)
DA:4,2
DA:6,2
DA:7,3
DA:12,3
DA:13,3
DA:14,3
DA:15,1
DA:16,1
DA:17,1
DA:18,1
DA:21,0
DA:22,0
DA:25,1
DA:26,1
DA:28,2
DA:31,2
DA:33,2
DA:34,0
DA:35,0
DA:36,0
DA:37,0
DA:38,0
DA:40,0
DA:41,0
DA:44,0
DA:46,0
DA:49,2
DA:51,2
DA:52,3
DA:53,3
DA:54,3
DA:55,3
DA:56,1
DA:57,1
DA:58,1
DA:60,0
DA:61,0
DA:64,1
DA:65,1
DA:67,2
LF:40
LH:27
BRDA:15,0,0,1
BRDA:15,0,1,0
BRDA:38,1,0,0
BRDA:38,1,1,0
BRDA:56,2,0,1
BRDA:56,2,1,0
BRF:6
BRH:2
end_of_record
TN:
SF:src/pages/PageWrapper.tsx
FN:13,(anonymous_0)
FNF:1
FNH:1
FNDA:10,(anonymous_0)
DA:8,2
DA:13,2
DA:14,10
LF:3
LH:3
BRF:0
BRH:0
end_of_record
TN:
SF:src/pages/HomePage/HomePage.stories.tsx
FN:10,(anonymous_0)
FN:13,(anonymous_1)
FNF:2
FNH:0
FNDA:0,(anonymous_0)
FNDA:0,(anonymous_1)
DA:10,0
DA:13,0
DA:15,0
DA:16,0
DA:83,0
DA:84,0
DA:108,0
DA:109,0
LF:8
LH:0
BRF:0
BRH:0
end_of_record
TN:
SF:src/pages/HomePage/HomePage.tsx
FN:27,(anonymous_0)
FN:35,(anonymous_1)
FN:42,(anonymous_2)
FN:55,(anonymous_3)
FN:62,(anonymous_4)
FN:112,(anonymous_5)
FN:136,(anonymous_6)
FN:142,(anonymous_7)
FN:148,(anonymous_8)
FNF:9
FNH:3
FNDA:5,(anonymous_0)
FNDA:3,(anonymous_1)
FNDA:0,(anonymous_2)
FNDA:0,(anonymous_3)
FNDA:0,(anonymous_4)
FNDA:3,(anonymous_5)
FNDA:0,(anonymous_6)
FNDA:0,(anonymous_7)
FNDA:0,(anonymous_8)
DA:9,1
DA:21,1
DA:27,1
DA:28,5
DA:29,5
DA:35,5
DA:36,3
DA:37,3
DA:38,2
DA:39,2
DA:42,5
DA:43,0
DA:45,0
DA:46,0
DA:50,0
DA:51,0
DA:52,0
DA:55,0
DA:59,0
DA:62,5
DA:63,0
DA:64,0
DA:66,0
DA:69,0
DA:71,0
DA:74,0
DA:76,0
DA:77,0
DA:78,0
DA:79,0
DA:81,0
DA:82,0
DA:83,0
DA:85,0
DA:86,0
DA:93,0
DA:94,0
DA:95,0
DA:96,0
DA:97,0
DA:98,0
DA:100,0
DA:101,0
DA:102,0
DA:108,0
DA:112,5
DA:113,3
DA:117,5
DA:118,3
DA:126,2
DA:127,1
DA:136,0
DA:142,0
DA:148,0
DA:155,1
DA:164,5
LF:56
LH:20
BRDA:39,0,0,1
BRDA:39,0,1,1
BRDA:45,1,0,0
BRDA:45,1,1,0
BRDA:50,2,0,0
BRDA:50,2,1,0
BRDA:64,3,0,0
BRDA:64,3,1,0
BRDA:81,4,0,0
BRDA:81,4,1,0
BRDA:94,5,0,0
BRDA:94,5,1,0
BRDA:95,6,0,0
BRDA:95,6,1,0
BRDA:117,7,0,3
BRDA:117,7,1,2
BRDA:126,8,0,1
BRDA:126,8,1,1
BRF:18
BRH:6
end_of_record
TN:
SF:src/pages/ProductsPage/ProductsPage.stories.tsx
FN:11,(anonymous_0)
FN:19,(anonymous_1)
FNF:2
FNH:0
FNDA:0,(anonymous_0)
FNDA:0,(anonymous_1)
DA:12,0
DA:19,0
DA:21,0
DA:22,0
DA:58,0
DA:59,0
DA:73,0
DA:74,0
LF:8
LH:0
BRF:0
BRH:0
end_of_record
TN:
SF:src/pages/ProductsPage/ProductsPage.tsx
FN:14,(anonymous_0)
FN:18,(anonymous_1)
FN:25,(anonymous_2)
FN:46,(anonymous_3)
FNF:4
FNH:4
FNDA:5,(anonymous_0)
FNDA:3,(anonymous_1)
FNDA:3,(anonymous_2)
FNDA:2,(anonymous_3)
DA:8,1
DA:14,1
DA:15,5
DA:16,5
DA:18,5
DA:19,3
DA:20,3
DA:21,2
DA:22,2
DA:25,5
DA:26,3
DA:30,5
DA:31,3
DA:39,2
DA:40,1
DA:47,2
DA:58,1
DA:68,5
LF:18
LH:18
BRDA:22,0,0,1
BRDA:22,0,1,1
BRDA:30,1,0,3
BRDA:30,1,1,2
BRDA:39,2,0,1
BRDA:39,2,1,1
BRF:6
BRH:6
end_of_record
