{"/Users/aakashpal/Downloads/interview-stack-develop/api.products/app.js": {"path":"/Users/aakashpal/Downloads/interview-stack-develop/api.products/app.js","statementMap":{"0":{"start":{"line":1,"column":16},"end":{"line":1,"column":34}},"1":{"start":{"line":2,"column":12},"end":{"line":2,"column":21}},"2":{"start":{"line":3,"column":23},"end":{"line":3,"column":51}},"3":{"start":{"line":5,"column":0},"end":{"line":7,"column":1}},"4":{"start":{"line":6,"column":4},"end":{"line":6,"column":31}},"5":{"start":{"line":9,"column":0},"end":{"line":9,"column":24}},"6":{"start":{"line":10,"column":0},"end":{"line":10,"column":48}},"7":{"start":{"line":12,"column":0},"end":{"line":14,"column":3}},"8":{"start":{"line":13,"column":4},"end":{"line":13,"column":36}},"9":{"start":{"line":16,"column":20},"end":{"line":16,"column":35}},"10":{"start":{"line":17,"column":0},"end":{"line":17,"column":37}},"11":{"start":{"line":19,"column":0},"end":{"line":23,"column":3}},"12":{"start":{"line":20,"column":23},"end":{"line":20,"column":44}},"13":{"start":{"line":21,"column":4},"end":{"line":21,"column":42}},"14":{"start":{"line":22,"column":4},"end":{"line":22,"column":58}},"15":{"start":{"line":25,"column":13},"end":{"line":25,"column":37}},"16":{"start":{"line":26,"column":0},"end":{"line":30,"column":1}},"17":{"start":{"line":27,"column":4},"end":{"line":29,"column":7}},"18":{"start":{"line":28,"column":8},"end":{"line":28,"column":60}},"19":{"start":{"line":32,"column":0},"end":{"line":32,"column":21}}},"fnMap":{"0":{"name":"(anonymous_0)","decl":{"start":{"line":12,"column":13},"end":{"line":12,"column":14}},"loc":{"start":{"line":12,"column":27},"end":{"line":14,"column":1}},"line":12},"1":{"name":"(anonymous_1)","decl":{"start":{"line":19,"column":8},"end":{"line":19,"column":9}},"loc":{"start":{"line":19,"column":33},"end":{"line":23,"column":1}},"line":19},"2":{"name":"(anonymous_2)","decl":{"start":{"line":27,"column":21},"end":{"line":27,"column":22}},"loc":{"start":{"line":27,"column":27},"end":{"line":29,"column":5}},"line":27}},"branchMap":{"0":{"loc":{"start":{"line":5,"column":0},"end":{"line":7,"column":1}},"type":"if","locations":[{"start":{"line":5,"column":0},"end":{"line":7,"column":1}},{"start":{},"end":{}}],"line":5},"1":{"loc":{"start":{"line":20,"column":23},"end":{"line":20,"column":44}},"type":"binary-expr","locations":[{"start":{"line":20,"column":23},"end":{"line":20,"column":37}},{"start":{"line":20,"column":41},"end":{"line":20,"column":44}}],"line":20},"2":{"loc":{"start":{"line":25,"column":13},"end":{"line":25,"column":37}},"type":"binary-expr","locations":[{"start":{"line":25,"column":13},"end":{"line":25,"column":29}},{"start":{"line":25,"column":33},"end":{"line":25,"column":37}}],"line":25},"3":{"loc":{"start":{"line":26,"column":0},"end":{"line":30,"column":1}},"type":"if","locations":[{"start":{"line":26,"column":0},"end":{"line":30,"column":1}},{"start":{},"end":{}}],"line":26}},"s":{"0":2,"1":2,"2":2,"3":2,"4":2,"5":2,"6":2,"7":2,"8":1,"9":2,"10":2,"11":2,"12":2,"13":2,"14":2,"15":2,"16":2,"17":0,"18":0,"19":2},"f":{"0":1,"1":2,"2":0},"b":{"0":[2,0],"1":[2,2],"2":[2,0],"3":[0,2]},"_coverageSchema":"1a1c01bbd47fc00a2c39e90264f33305004495a9","hash":"1226bc650b0bb210a29c08293fa14ee62ebc96d0"}
,"/Users/aakashpal/Downloads/interview-stack-develop/api.products/helper.js": {"path":"/Users/aakashpal/Downloads/interview-stack-develop/api.products/helper.js","statementMap":{"0":{"start":{"line":9,"column":20},"end":{"line":14,"column":1}},"1":{"start":{"line":10,"column":4},"end":{"line":12,"column":5}},"2":{"start":{"line":11,"column":8},"end":{"line":11,"column":18}},"3":{"start":{"line":13,"column":4},"end":{"line":13,"column":16}},"4":{"start":{"line":16,"column":0},"end":{"line":18,"column":2}}},"fnMap":{"0":{"name":"(anonymous_0)","decl":{"start":{"line":9,"column":20},"end":{"line":9,"column":21}},"loc":{"start":{"line":9,"column":30},"end":{"line":14,"column":1}},"line":9}},"branchMap":{"0":{"loc":{"start":{"line":10,"column":4},"end":{"line":12,"column":5}},"type":"if","locations":[{"start":{"line":10,"column":4},"end":{"line":12,"column":5}},{"start":{},"end":{}}],"line":10}},"s":{"0":4,"1":4,"2":2,"3":2,"4":4},"f":{"0":4},"b":{"0":[2,2]},"_coverageSchema":"1a1c01bbd47fc00a2c39e90264f33305004495a9","hash":"307d62aefabac7f3551e00dd5df764eecc7fbbc8"}
,"/Users/aakashpal/Downloads/interview-stack-develop/api.products/routes/products.js": {"path":"/Users/aakashpal/Downloads/interview-stack-develop/api.products/routes/products.js","statementMap":{"0":{"start":{"line":1,"column":16},"end":{"line":1,"column":34}},"1":{"start":{"line":2,"column":15},"end":{"line":2,"column":31}},"2":{"start":{"line":3,"column":17},"end":{"line":3,"column":48}},"3":{"start":{"line":5,"column":0},"end":{"line":13,"column":3}},"4":{"start":{"line":6,"column":4},"end":{"line":12,"column":5}},"5":{"start":{"line":7,"column":23},"end":{"line":7,"column":59}},"6":{"start":{"line":8,"column":8},"end":{"line":8,"column":25}},"7":{"start":{"line":10,"column":8},"end":{"line":10,"column":68}},"8":{"start":{"line":11,"column":8},"end":{"line":11,"column":18}},"9":{"start":{"line":15,"column":0},"end":{"line":23,"column":3}},"10":{"start":{"line":16,"column":4},"end":{"line":22,"column":5}},"11":{"start":{"line":17,"column":23},"end":{"line":17,"column":56}},"12":{"start":{"line":18,"column":8},"end":{"line":18,"column":25}},"13":{"start":{"line":20,"column":8},"end":{"line":20,"column":68}},"14":{"start":{"line":21,"column":8},"end":{"line":21,"column":18}},"15":{"start":{"line":25,"column":0},"end":{"line":25,"column":24}}},"fnMap":{"0":{"name":"(anonymous_0)","decl":{"start":{"line":5,"column":16},"end":{"line":5,"column":17}},"loc":{"start":{"line":5,"column":42},"end":{"line":13,"column":1}},"line":5},"1":{"name":"(anonymous_1)","decl":{"start":{"line":15,"column":19},"end":{"line":15,"column":20}},"loc":{"start":{"line":15,"column":45},"end":{"line":23,"column":1}},"line":15}},"branchMap":{},"s":{"0":2,"1":2,"2":2,"3":2,"4":2,"5":2,"6":1,"7":1,"8":1,"9":2,"10":2,"11":2,"12":1,"13":1,"14":1,"15":2},"f":{"0":2,"1":2},"b":{},"_coverageSchema":"1a1c01bbd47fc00a2c39e90264f33305004495a9","hash":"7395693ade15b6022565415d7b28e1a99d433537"}
,"/Users/aakashpal/Downloads/interview-stack-develop/api.products/services/db.js": {"path":"/Users/aakashpal/Downloads/interview-stack-develop/api.products/services/db.js","statementMap":{"0":{"start":{"line":1,"column":16},"end":{"line":1,"column":34}},"1":{"start":{"line":3,"column":13},"end":{"line":9,"column":2}},"2":{"start":{"line":18,"column":14},"end":{"line":30,"column":1}},"3":{"start":{"line":20,"column":4},"end":{"line":29,"column":5}},"4":{"start":{"line":21,"column":8},"end":{"line":21,"column":48}},"5":{"start":{"line":22,"column":24},"end":{"line":22,"column":59}},"6":{"start":{"line":23,"column":8},"end":{"line":23,"column":23}},"7":{"start":{"line":25,"column":8},"end":{"line":25,"column":60}},"8":{"start":{"line":26,"column":8},"end":{"line":26,"column":18}},"9":{"start":{"line":28,"column":8},"end":{"line":28,"column":45}},"10":{"start":{"line":28,"column":24},"end":{"line":28,"column":45}},"11":{"start":{"line":32,"column":0},"end":{"line":34,"column":2}}},"fnMap":{"0":{"name":"(anonymous_0)","decl":{"start":{"line":18,"column":14},"end":{"line":18,"column":15}},"loc":{"start":{"line":18,"column":37},"end":{"line":30,"column":1}},"line":18}},"branchMap":{"0":{"loc":{"start":{"line":28,"column":8},"end":{"line":28,"column":45}},"type":"if","locations":[{"start":{"line":28,"column":8},"end":{"line":28,"column":45}},{"start":{},"end":{}}],"line":28}},"s":{"0":4,"1":4,"2":4,"3":3,"4":3,"5":3,"6":1,"7":2,"8":2,"9":3,"10":3,"11":4},"f":{"0":3},"b":{"0":[3,0]},"_coverageSchema":"1a1c01bbd47fc00a2c39e90264f33305004495a9","hash":"4f733fe6fdbf9587192f86611f95819749cee1e3"}
,"/Users/aakashpal/Downloads/interview-stack-develop/api.products/services/products.js": {"path":"/Users/aakashpal/Downloads/interview-stack-develop/api.products/services/products.js","statementMap":{"0":{"start":{"line":1,"column":11},"end":{"line":1,"column":26}},"1":{"start":{"line":2,"column":15},"end":{"line":2,"column":35}},"2":{"start":{"line":9,"column":28},"end":{"line":27,"column":1}},"3":{"start":{"line":10,"column":15},"end":{"line":10,"column":17}},"4":{"start":{"line":11,"column":18},"end":{"line":11,"column":20}},"5":{"start":{"line":13,"column":4},"end":{"line":21,"column":5}},"6":{"start":{"line":14,"column":21},"end":{"line":17,"column":9}},"7":{"start":{"line":18,"column":8},"end":{"line":18,"column":40}},"8":{"start":{"line":20,"column":8},"end":{"line":20,"column":51}},"9":{"start":{"line":23,"column":4},"end":{"line":26,"column":6}},"10":{"start":{"line":35,"column":25},"end":{"line":50,"column":1}},"11":{"start":{"line":36,"column":15},"end":{"line":36,"column":17}},"12":{"start":{"line":37,"column":18},"end":{"line":37,"column":20}},"13":{"start":{"line":39,"column":4},"end":{"line":44,"column":5}},"14":{"start":{"line":40,"column":21},"end":{"line":40,"column":60}},"15":{"start":{"line":41,"column":8},"end":{"line":41,"column":40}},"16":{"start":{"line":43,"column":8},"end":{"line":43,"column":48}},"17":{"start":{"line":46,"column":4},"end":{"line":49,"column":6}},"18":{"start":{"line":52,"column":0},"end":{"line":55,"column":2}}},"fnMap":{"0":{"name":"(anonymous_0)","decl":{"start":{"line":9,"column":28},"end":{"line":9,"column":29}},"loc":{"start":{"line":9,"column":40},"end":{"line":27,"column":1}},"line":9},"1":{"name":"(anonymous_1)","decl":{"start":{"line":35,"column":25},"end":{"line":35,"column":26}},"loc":{"start":{"line":35,"column":37},"end":{"line":50,"column":1}},"line":35}},"branchMap":{},"s":{"0":3,"1":3,"2":3,"3":2,"4":2,"5":2,"6":2,"7":1,"8":1,"9":2,"10":3,"11":2,"12":2,"13":2,"14":2,"15":1,"16":1,"17":2,"18":3},"f":{"0":2,"1":2},"b":{},"_coverageSchema":"1a1c01bbd47fc00a2c39e90264f33305004495a9","hash":"882f767f08653a30ff7bd896872c2103c64e7b38"}
}
