TN:
SF:app.js
FN:12,(anonymous_0)
FN:19,(anonymous_1)
FN:27,(anonymous_2)
FNF:3
FNH:2
FNDA:1,(anonymous_0)
FNDA:2,(anonymous_1)
FNDA:0,(anonymous_2)
DA:1,2
DA:2,2
DA:3,2
DA:5,2
DA:6,2
DA:9,2
DA:10,2
DA:12,2
DA:13,1
DA:16,2
DA:17,2
DA:19,2
DA:20,2
DA:21,2
DA:22,2
DA:25,2
DA:26,2
DA:27,0
DA:28,0
DA:32,2
LF:20
LH:18
BRDA:5,0,0,2
BRDA:5,0,1,0
BRDA:20,1,0,2
BRDA:20,1,1,2
BRDA:25,2,0,2
BRDA:25,2,1,0
BRDA:26,3,0,0
BRDA:26,3,1,2
BRF:8
BRH:5
end_of_record
TN:
SF:helper.js
FN:9,(anonymous_0)
FNF:1
FNH:1
FNDA:4,(anonymous_0)
DA:9,4
DA:10,4
DA:11,2
DA:13,2
DA:16,4
LF:5
LH:5
BRDA:10,0,0,2
BRDA:10,0,1,2
BRF:2
BRH:2
end_of_record
TN:
SF:routes/products.js
FN:5,(anonymous_0)
FN:15,(anonymous_1)
FNF:2
FNH:2
FNDA:2,(anonymous_0)
FNDA:2,(anonymous_1)
DA:1,2
DA:2,2
DA:3,2
DA:5,2
DA:6,2
DA:7,2
DA:8,1
DA:10,1
DA:11,1
DA:15,2
DA:16,2
DA:17,2
DA:18,1
DA:20,1
DA:21,1
DA:25,2
LF:16
LH:16
BRF:0
BRH:0
end_of_record
TN:
SF:services/db.js
FN:18,(anonymous_0)
FNF:1
FNH:1
FNDA:3,(anonymous_0)
DA:1,4
DA:3,4
DA:18,4
DA:20,3
DA:21,3
DA:22,3
DA:23,1
DA:25,2
DA:26,2
DA:28,3
DA:32,4
LF:11
LH:11
BRDA:28,0,0,3
BRDA:28,0,1,0
BRF:2
BRH:1
end_of_record
TN:
SF:services/products.js
FN:9,(anonymous_0)
FN:35,(anonymous_1)
FNF:2
FNH:2
FNDA:2,(anonymous_0)
FNDA:2,(anonymous_1)
DA:1,3
DA:2,3
DA:9,3
DA:10,2
DA:11,2
DA:13,2
DA:14,2
DA:18,1
DA:20,1
DA:23,2
DA:35,3
DA:36,2
DA:37,2
DA:39,2
DA:40,2
DA:41,1
DA:43,1
DA:46,2
DA:52,3
LF:19
LH:19
BRF:0
BRH:0
end_of_record
